Command line invocation:
    /Applications/Xcode.app/Contents/Developer/usr/bin/xcodebuild test -project arcHIVE_Camera_App.xcodeproj -scheme arcHIVE_Camera_App -destination "platform=iOS Simulator,name=iPhone 16 Pro" -resultBundlePath test_results/test_results.xcresult

User defaults from command line:
    IDEBuildOperationResultBundlePath = /Users/midnight/Documents/Augustbuild/arcHIVE_Camera_App/test_results/test_results.xcresult
    IDEPackageSupportUseBuiltinSCM = YES

Writing result bundle at path:
	/Users/midnight/Documents/Augustbuild/arcHIVE_Camera_App/test_results/test_results.xcresult

--- xcodebuild: WARNING: Using the first of multiple matching destinations:
{ platform:iOS Simulator, id:18C77A7F-8FEF-400B-A3AE-84FC0CD9E095, OS:18.3.1, name:iPhone 16 Pro }
{ platform:iOS Simulator, id:18C77A7F-8FEF-400B-A3AE-84FC0CD9E095, OS:18.3.1, name:iPhone 16 Pro }
Prepare packages

ComputeTargetDependencyGraph
note: Building targets in dependency order
note: Target dependency graph (2 targets)
    Target 'arcHIVE_Camera_AppUITests' in project 'arcHIVE_Camera_App'
        âžœ Explicit dependency on target 'arcHIVE_Camera_App' in project 'arcHIVE_Camera_App'
    Target 'arcHIVE_Camera_App' in project 'arcHIVE_Camera_App' (no dependencies)

GatherProvisioningInputs

CreateBuildDescription

ExecuteExternalTool /Applications/Xcode.app/Contents/Developer/Toolchains/XcodeDefault.xctoolchain/usr/bin/swiftc --version

ExecuteExternalTool /Applications/Xcode.app/Contents/Developer/usr/bin/actool --print-asset-tag-combinations --output-format xml1 /Users/midnight/Documents/Augustbuild/arcHIVE_Camera_App/Assets.xcassets

ExecuteExternalTool /Applications/Xcode.app/Contents/Developer/Toolchains/XcodeDefault.xctoolchain/usr/bin/clang -v -E -dM -isysroot /Applications/Xcode.app/Contents/Developer/Platforms/iPhoneSimulator.platform/Developer/SDKs/iPhoneSimulator18.2.sdk -x c -c /dev/null

ExecuteExternalTool /Applications/Xcode.app/Contents/Developer/Toolchains/XcodeDefault.xctoolchain/usr/bin/ld -version_details

ExecuteExternalTool /Applications/Xcode.app/Contents/Developer/usr/bin/actool --version --output-format xml1

Build description signature: c5b0d59fd77830bb071709fb598519de
Build description path: /Users/midnight/Library/Developer/Xcode/DerivedData/arcHIVE_Camera_App-dzkdcbvnygdiemdtjjdfztnoeivx/Build/Intermediates.noindex/XCBuildData/c5b0d59fd77830bb071709fb598519de.xcbuilddata
ClangStatCache /Applications/Xcode.app/Contents/Developer/Toolchains/XcodeDefault.xctoolchain/usr/bin/clang-stat-cache /Applications/Xcode.app/Contents/Developer/Platforms/iPhoneSimulator.platform/Developer/SDKs/iPhoneSimulator18.2.sdk /Users/midnight/Library/Developer/Xcode/DerivedData/SDKStatCaches.noindex/iphonesimulator18.2-22C146-07b28473f605e47e75261259d3ef3b5a.sdkstatcache
    cd /Users/midnight/Documents/Augustbuild/arcHIVE_Camera_App/arcHIVE_Camera_App.xcodeproj
    /Applications/Xcode.app/Contents/Developer/Toolchains/XcodeDefault.xctoolchain/usr/bin/clang-stat-cache /Applications/Xcode.app/Contents/Developer/Platforms/iPhoneSimulator.platform/Developer/SDKs/iPhoneSimulator18.2.sdk -o /Users/midnight/Library/Developer/Xcode/DerivedData/SDKStatCaches.noindex/iphonesimulator18.2-22C146-07b28473f605e47e75261259d3ef3b5a.sdkstatcache

ProcessProductPackaging "" /Users/midnight/Library/Developer/Xcode/DerivedData/arcHIVE_Camera_App-dzkdcbvnygdiemdtjjdfztnoeivx/Build/Intermediates.noindex/arcHIVE_Camera_App.build/Debug-iphonesimulator/arcHIVE_Camera_App.build/arcHIVE_Camera_App.app-Simulated.xcent (in target 'arcHIVE_Camera_App' from project 'arcHIVE_Camera_App')
    cd /Users/midnight/Documents/Augustbuild/arcHIVE_Camera_App
    
    Entitlements:
    
    {
    "application-identifier" = "NB82QGB32K.com.archive.camera";
}
    
    builtin-productPackagingUtility -entitlements -format xml -o /Users/midnight/Library/Developer/Xcode/DerivedData/arcHIVE_Camera_App-dzkdcbvnygdiemdtjjdfztnoeivx/Build/Intermediates.noindex/arcHIVE_Camera_App.build/Debug-iphonesimulator/arcHIVE_Camera_App.build/arcHIVE_Camera_App.app-Simulated.xcent

ProcessProductPackagingDER /Users/midnight/Library/Developer/Xcode/DerivedData/arcHIVE_Camera_App-dzkdcbvnygdiemdtjjdfztnoeivx/Build/Intermediates.noindex/arcHIVE_Camera_App.build/Debug-iphonesimulator/arcHIVE_Camera_App.build/arcHIVE_Camera_App.app-Simulated.xcent /Users/midnight/Library/Developer/Xcode/DerivedData/arcHIVE_Camera_App-dzkdcbvnygdiemdtjjdfztnoeivx/Build/Intermediates.noindex/arcHIVE_Camera_App.build/Debug-iphonesimulator/arcHIVE_Camera_App.build/arcHIVE_Camera_App.app-Simulated.xcent.der (in target 'arcHIVE_Camera_App' from project 'arcHIVE_Camera_App')
    cd /Users/midnight/Documents/Augustbuild/arcHIVE_Camera_App
    /usr/bin/derq query -f xml -i /Users/midnight/Library/Developer/Xcode/DerivedData/arcHIVE_Camera_App-dzkdcbvnygdiemdtjjdfztnoeivx/Build/Intermediates.noindex/arcHIVE_Camera_App.build/Debug-iphonesimulator/arcHIVE_Camera_App.build/arcHIVE_Camera_App.app-Simulated.xcent -o /Users/midnight/Library/Developer/Xcode/DerivedData/arcHIVE_Camera_App-dzkdcbvnygdiemdtjjdfztnoeivx/Build/Intermediates.noindex/arcHIVE_Camera_App.build/Debug-iphonesimulator/arcHIVE_Camera_App.build/arcHIVE_Camera_App.app-Simulated.xcent.der --raw

ProcessInfoPlistFile /Users/midnight/Library/Developer/Xcode/DerivedData/arcHIVE_Camera_App-dzkdcbvnygdiemdtjjdfztnoeivx/Build/Products/Debug-iphonesimulator/arcHIVE_Camera_App.app/Info.plist /Users/midnight/Documents/Augustbuild/arcHIVE_Camera_App/Info.plist (in target 'arcHIVE_Camera_App' from project 'arcHIVE_Camera_App')
    cd /Users/midnight/Documents/Augustbuild/arcHIVE_Camera_App
    builtin-infoPlistUtility /Users/midnight/Documents/Augustbuild/arcHIVE_Camera_App/Info.plist -producttype com.apple.product-type.application -genpkginfo /Users/midnight/Library/Developer/Xcode/DerivedData/arcHIVE_Camera_App-dzkdcbvnygdiemdtjjdfztnoeivx/Build/Products/Debug-iphonesimulator/arcHIVE_Camera_App.app/PkgInfo -expandbuildsettings -format binary -platform iphonesimulator -additionalcontentfile /Users/midnight/Library/Developer/Xcode/DerivedData/arcHIVE_Camera_App-dzkdcbvnygdiemdtjjdfztnoeivx/Build/Intermediates.noindex/arcHIVE_Camera_App.build/Debug-iphonesimulator/arcHIVE_Camera_App.build/assetcatalog_generated_info.plist -o /Users/midnight/Library/Developer/Xcode/DerivedData/arcHIVE_Camera_App-dzkdcbvnygdiemdtjjdfztnoeivx/Build/Products/Debug-iphonesimulator/arcHIVE_Camera_App.app/Info.plist

ProcessProductPackaging "" /Users/midnight/Library/Developer/Xcode/DerivedData/arcHIVE_Camera_App-dzkdcbvnygdiemdtjjdfztnoeivx/Build/Intermediates.noindex/arcHIVE_Camera_App.build/Debug-iphonesimulator/arcHIVE_Camera_AppUITests.build/arcHIVE_Camera_AppUITests.xctest-Simulated.xcent (in target 'arcHIVE_Camera_AppUITests' from project 'arcHIVE_Camera_App')
    cd /Users/midnight/Documents/Augustbuild/arcHIVE_Camera_App
    
    Entitlements:
    
    {
    "application-identifier" = "NB82QGB32K.com.dhskeans.arcHIVECameraUITests.xctrunner";
    "keychain-access-groups" =     (
        "NB82QGB32K.com.dhskeans.arcHIVECameraUITests.xctrunner"
    );
}
    
    builtin-productPackagingUtility -entitlements -format xml -o /Users/midnight/Library/Developer/Xcode/DerivedData/arcHIVE_Camera_App-dzkdcbvnygdiemdtjjdfztnoeivx/Build/Intermediates.noindex/arcHIVE_Camera_App.build/Debug-iphonesimulator/arcHIVE_Camera_AppUITests.build/arcHIVE_Camera_AppUITests.xctest-Simulated.xcent

Ld /Users/midnight/Library/Developer/Xcode/DerivedData/arcHIVE_Camera_App-dzkdcbvnygdiemdtjjdfztnoeivx/Build/Products/Debug-iphonesimulator/arcHIVE_Camera_App.app/arcHIVE_Camera_App.debug.dylib normal (in target 'arcHIVE_Camera_App' from project 'arcHIVE_Camera_App')
    cd /Users/midnight/Documents/Augustbuild/arcHIVE_Camera_App
    /Applications/Xcode.app/Contents/Developer/Toolchains/XcodeDefault.xctoolchain/usr/bin/clang -Xlinker -reproducible -target arm64-apple-ios16.6-simulator -dynamiclib -isysroot /Applications/Xcode.app/Contents/Developer/Platforms/iPhoneSimulator.platform/Developer/SDKs/iPhoneSimulator18.2.sdk -O0 -L/Users/midnight/Library/Developer/Xcode/DerivedData/arcHIVE_Camera_App-dzkdcbvnygdiemdtjjdfztnoeivx/Build/Intermediates.noindex/EagerLinkingTBDs/Debug-iphonesimulator -L/Users/midnight/Library/Developer/Xcode/DerivedData/arcHIVE_Camera_App-dzkdcbvnygdiemdtjjdfztnoeivx/Build/Products/Debug-iphonesimulator -L/Users/midnight/Documents/Augustbuild/arcHIVE_Camera_App/ED25519_uniffi_custom/target/release -F/Users/midnight/Library/Developer/Xcode/DerivedData/arcHIVE_Camera_App-dzkdcbvnygdiemdtjjdfztnoeivx/Build/Intermediates.noindex/EagerLinkingTBDs/Debug-iphonesimulator -F/Users/midnight/Library/Developer/Xcode/DerivedData/arcHIVE_Camera_App-dzkdcbvnygdiemdtjjdfztnoeivx/Build/Products/Debug-iphonesimulator -F/Users/midnight/Documents/Augustbuild/arcHIVE_Camera_App -filelist /Users/midnight/Library/Developer/Xcode/DerivedData/arcHIVE_Camera_App-dzkdcbvnygdiemdtjjdfztnoeivx/Build/Intermediates.noindex/arcHIVE_Camera_App.build/Debug-iphonesimulator/arcHIVE_Camera_App.build/Objects-normal/arm64/arcHIVE_Camera_App.LinkFileList -install_name @rpath/arcHIVE_Camera_App.debug.dylib -Xlinker -rpath -Xlinker @executable_path/Frameworks -dead_strip -Xlinker -object_path_lto -Xlinker /Users/midnight/Library/Developer/Xcode/DerivedData/arcHIVE_Camera_App-dzkdcbvnygdiemdtjjdfztnoeivx/Build/Intermediates.noindex/arcHIVE_Camera_App.build/Debug-iphonesimulator/arcHIVE_Camera_App.build/Objects-normal/arm64/arcHIVE_Camera_App_lto.o -Xlinker -export_dynamic -Xlinker -no_deduplicate -Xlinker -objc_abi_version -Xlinker 2 -fobjc-link-runtime -L/Applications/Xcode.app/Contents/Developer/Toolchains/XcodeDefault.xctoolchain/usr/lib/swift/iphonesimulator -L/usr/lib/swift -Xlinker -add_ast_path -Xlinker /Users/midnight/Library/Developer/Xcode/DerivedData/arcHIVE_Camera_App-dzkdcbvnygdiemdtjjdfztnoeivx/Build/Intermediates.noindex/arcHIVE_Camera_App.build/Debug-iphonesimulator/arcHIVE_Camera_App.build/Objects-normal/arm64/arcHIVE_Camera_App.swiftmodule -Xlinker -alias -Xlinker _main -Xlinker ___debug_main_executable_dylib_entry_point -larchive_c2pa_ffi -Xlinker -no_adhoc_codesign -Xlinker -dependency_info -Xlinker /Users/midnight/Library/Developer/Xcode/DerivedData/arcHIVE_Camera_App-dzkdcbvnygdiemdtjjdfztnoeivx/Build/Intermediates.noindex/arcHIVE_Camera_App.build/Debug-iphonesimulator/arcHIVE_Camera_App.build/Objects-normal/arm64/arcHIVE_Camera_App_dependency_info.dat -o /Users/midnight/Library/Developer/Xcode/DerivedData/arcHIVE_Camera_App-dzkdcbvnygdiemdtjjdfztnoeivx/Build/Products/Debug-iphonesimulator/arcHIVE_Camera_App.app/arcHIVE_Camera_App.debug.dylib
ld: warning: object file (/Users/midnight/Library/Developer/Xcode/DerivedData/arcHIVE_Camera_App-dzkdcbvnygdiemdtjjdfztnoeivx/Build/Products/Debug-iphonesimulator/libarchive_c2pa_ffi.a[arm64][682](aesv8-armx-ios64.o)) was built for newer 'iOS-simulator' version (18.2) than being linked (16.6)
ld: warning: object file (/Users/midnight/Library/Developer/Xcode/DerivedData/arcHIVE_Camera_App-dzkdcbvnygdiemdtjjdfztnoeivx/Build/Products/Debug-iphonesimulator/libarchive_c2pa_ffi.a[arm64][683](ghashv8-armx-ios64.o)) was built for newer 'iOS-simulator' version (18.2) than being linked (16.6)
ld: warning: object file (/Users/midnight/Library/Developer/Xcode/DerivedData/arcHIVE_Camera_App-dzkdcbvnygdiemdtjjdfztnoeivx/Build/Products/Debug-iphonesimulator/libarchive_c2pa_ffi.a[arm64][685](armv8-mont-ios64.o)) was built for newer 'iOS-simulator' version (18.2) than being linked (16.6)
ld: warning: object file (/Users/midnight/Library/Developer/Xcode/DerivedData/arcHIVE_Camera_App-dzkdcbvnygdiemdtjjdfztnoeivx/Build/Products/Debug-iphonesimulator/libarchive_c2pa_ffi.a[arm64][686](chacha-armv8-ios64.o)) was built for newer 'iOS-simulator' version (18.2) than being linked (16.6)
ld: warning: object file (/Users/midnight/Library/Developer/Xcode/DerivedData/arcHIVE_Camera_App-dzkdcbvnygdiemdtjjdfztnoeivx/Build/Products/Debug-iphonesimulator/libarchive_c2pa_ffi.a[arm64][687](ecp_nistz256-armv8-ios64.o)) was built for newer 'iOS-simulator' version (18.2) than being linked (16.6)
ld: warning: object file (/Users/midnight/Library/Developer/Xcode/DerivedData/arcHIVE_Camera_App-dzkdcbvnygdiemdtjjdfztnoeivx/Build/Products/Debug-iphonesimulator/libarchive_c2pa_ffi.a[arm64][689](sha512-armv8-ios64.o)) was built for newer 'iOS-simulator' version (18.2) than being linked (16.6)
ld: warning: object file (/Users/midnight/Library/Developer/Xcode/DerivedData/arcHIVE_Camera_App-dzkdcbvnygdiemdtjjdfztnoeivx/Build/Products/Debug-iphonesimulator/libarchive_c2pa_ffi.a[arm64][690](sha256-armv8-ios64.o)) was built for newer 'iOS-simulator' version (18.2) than being linked (16.6)
ld: warning: object file (/Users/midnight/Library/Developer/Xcode/DerivedData/arcHIVE_Camera_App-dzkdcbvnygdiemdtjjdfztnoeivx/Build/Products/Debug-iphonesimulator/libarchive_c2pa_ffi.a[arm64][692](montgomery.o)) was built for newer 'iOS-simulator' version (18.2) than being linked (16.6)
ld: warning: object file (/Users/midnight/Library/Developer/Xcode/DerivedData/arcHIVE_Camera_App-dzkdcbvnygdiemdtjjdfztnoeivx/Build/Products/Debug-iphonesimulator/libarchive_c2pa_ffi.a[arm64][693](montgomery_inv.o)) was built for newer 'iOS-simulator' version (18.2) than being linked (16.6)
ld: warning: object file (/Users/midnight/Library/Developer/Xcode/DerivedData/arcHIVE_Camera_App-dzkdcbvnygdiemdtjjdfztnoeivx/Build/Products/Debug-iphonesimulator/libarchive_c2pa_ffi.a[arm64][694](limbs.o)) was built for newer 'iOS-simulator' version (18.2) than being linked (16.6)
ld: warning: object file (/Users/midnight/Library/Developer/Xcode/DerivedData/arcHIVE_Camera_App-dzkdcbvnygdiemdtjjdfztnoeivx/Build/Products/Debug-iphonesimulator/libarchive_c2pa_ffi.a[arm64][695](mem.o)) was built for newer 'iOS-simulator' version (18.2) than being linked (16.6)
ld: warning: object file (/Users/midnight/Library/Developer/Xcode/DerivedData/arcHIVE_Camera_App-dzkdcbvnygdiemdtjjdfztnoeivx/Build/Products/Debug-iphonesimulator/libarchive_c2pa_ffi.a[arm64][696](poly1305.o)) was built for newer 'iOS-simulator' version (18.2) than being linked (16.6)
ld: warning: object file (/Users/midnight/Library/Developer/Xcode/DerivedData/arcHIVE_Camera_App-dzkdcbvnygdiemdtjjdfztnoeivx/Build/Products/Debug-iphonesimulator/libarchive_c2pa_ffi.a[arm64][698](curve25519.o)) was built for newer 'iOS-simulator' version (18.2) than being linked (16.6)
ld: warning: object file (/Users/midnight/Library/Developer/Xcode/DerivedData/arcHIVE_Camera_App-dzkdcbvnygdiemdtjjdfztnoeivx/Build/Products/Debug-iphonesimulator/libarchive_c2pa_ffi.a[arm64][699](ecp_nistz.o)) was built for newer 'iOS-simulator' version (18.2) than being linked (16.6)
ld: warning: object file (/Users/midnight/Library/Developer/Xcode/DerivedData/arcHIVE_Camera_App-dzkdcbvnygdiemdtjjdfztnoeivx/Build/Products/Debug-iphonesimulator/libarchive_c2pa_ffi.a[arm64][700](ecp_nistz256.o)) was built for newer 'iOS-simulator' version (18.2) than being linked (16.6)
ld: warning: object file (/Users/midnight/Library/Developer/Xcode/DerivedData/arcHIVE_Camera_App-dzkdcbvnygdiemdtjjdfztnoeivx/Build/Products/Debug-iphonesimulator/libarchive_c2pa_ffi.a[arm64][701](gfp_p256.o)) was built for newer 'iOS-simulator' version (18.2) than being linked (16.6)
ld: warning: object file (/Users/midnight/Library/Developer/Xcode/DerivedData/arcHIVE_Camera_App-dzkdcbvnygdiemdtjjdfztnoeivx/Build/Products/Debug-iphonesimulator/libarchive_c2pa_ffi.a[arm64][702](gfp_p384.o)) was built for newer 'iOS-simulator' version (18.2) than being linked (16.6)

ProcessProductPackagingDER /Users/midnight/Library/Developer/Xcode/DerivedData/arcHIVE_Camera_App-dzkdcbvnygdiemdtjjdfztnoeivx/Build/Intermediates.noindex/arcHIVE_Camera_App.build/Debug-iphonesimulator/arcHIVE_Camera_AppUITests.build/arcHIVE_Camera_AppUITests.xctest-Simulated.xcent /Users/midnight/Library/Developer/Xcode/DerivedData/arcHIVE_Camera_App-dzkdcbvnygdiemdtjjdfztnoeivx/Build/Intermediates.noindex/arcHIVE_Camera_App.build/Debug-iphonesimulator/arcHIVE_Camera_AppUITests.build/arcHIVE_Camera_AppUITests.xctest-Simulated.xcent.der (in target 'arcHIVE_Camera_AppUITests' from project 'arcHIVE_Camera_App')
    cd /Users/midnight/Documents/Augustbuild/arcHIVE_Camera_App
    /usr/bin/derq query -f xml -i /Users/midnight/Library/Developer/Xcode/DerivedData/arcHIVE_Camera_App-dzkdcbvnygdiemdtjjdfztnoeivx/Build/Intermediates.noindex/arcHIVE_Camera_App.build/Debug-iphonesimulator/arcHIVE_Camera_AppUITests.build/arcHIVE_Camera_AppUITests.xctest-Simulated.xcent -o /Users/midnight/Library/Developer/Xcode/DerivedData/arcHIVE_Camera_App-dzkdcbvnygdiemdtjjdfztnoeivx/Build/Intermediates.noindex/arcHIVE_Camera_App.build/Debug-iphonesimulator/arcHIVE_Camera_AppUITests.build/arcHIVE_Camera_AppUITests.xctest-Simulated.xcent.der --raw

ConstructStubExecutorLinkFileList /Users/midnight/Library/Developer/Xcode/DerivedData/arcHIVE_Camera_App-dzkdcbvnygdiemdtjjdfztnoeivx/Build/Intermediates.noindex/arcHIVE_Camera_App.build/Debug-iphonesimulator/arcHIVE_Camera_App.build/arcHIVE_Camera_App-ExecutorLinkFileList-normal-arm64.txt (in target 'arcHIVE_Camera_App' from project 'arcHIVE_Camera_App')
    cd /Users/midnight/Documents/Augustbuild/arcHIVE_Camera_App
    construct-stub-executor-link-file-list /Users/midnight/Library/Developer/Xcode/DerivedData/arcHIVE_Camera_App-dzkdcbvnygdiemdtjjdfztnoeivx/Build/Products/Debug-iphonesimulator/arcHIVE_Camera_App.app/arcHIVE_Camera_App.debug.dylib /Applications/Xcode.app/Contents/Developer/Platforms/iPhoneSimulator.platform/Developer/usr/lib/libPreviewsJITStubExecutor_no_swift_entry_point.a /Applications/Xcode.app/Contents/Developer/Platforms/iPhoneSimulator.platform/Developer/usr/lib/libPreviewsJITStubExecutor.a --output /Users/midnight/Library/Developer/Xcode/DerivedData/arcHIVE_Camera_App-dzkdcbvnygdiemdtjjdfztnoeivx/Build/Intermediates.noindex/arcHIVE_Camera_App.build/Debug-iphonesimulator/arcHIVE_Camera_App.build/arcHIVE_Camera_App-ExecutorLinkFileList-normal-arm64.txt
note: Using stub executor library with Swift entry point. (in target 'arcHIVE_Camera_App' from project 'arcHIVE_Camera_App')

Ld /Users/midnight/Library/Developer/Xcode/DerivedData/arcHIVE_Camera_App-dzkdcbvnygdiemdtjjdfztnoeivx/Build/Products/Debug-iphonesimulator/arcHIVE_Camera_App.app/arcHIVE_Camera_App normal (in target 'arcHIVE_Camera_App' from project 'arcHIVE_Camera_App')
    cd /Users/midnight/Documents/Augustbuild/arcHIVE_Camera_App
    /Applications/Xcode.app/Contents/Developer/Toolchains/XcodeDefault.xctoolchain/usr/bin/clang -Xlinker -reproducible -target arm64-apple-ios16.6-simulator -isysroot /Applications/Xcode.app/Contents/Developer/Platforms/iPhoneSimulator.platform/Developer/SDKs/iPhoneSimulator18.2.sdk -O0 -L/Users/midnight/Library/Developer/Xcode/DerivedData/arcHIVE_Camera_App-dzkdcbvnygdiemdtjjdfztnoeivx/Build/Products/Debug-iphonesimulator -L/Users/midnight/Documents/Augustbuild/arcHIVE_Camera_App/ED25519_uniffi_custom/target/release -F/Users/midnight/Library/Developer/Xcode/DerivedData/arcHIVE_Camera_App-dzkdcbvnygdiemdtjjdfztnoeivx/Build/Products/Debug-iphonesimulator -F/Users/midnight/Documents/Augustbuild/arcHIVE_Camera_App -Xlinker -rpath -Xlinker @executable_path -Xlinker -rpath -Xlinker @executable_path/Frameworks -Xlinker -export_dynamic -Xlinker -no_deduplicate -Xlinker -objc_abi_version -Xlinker 2 -e ___debug_blank_executor_main -Xlinker -sectcreate -Xlinker __TEXT -Xlinker __debug_dylib -Xlinker /Users/midnight/Library/Developer/Xcode/DerivedData/arcHIVE_Camera_App-dzkdcbvnygdiemdtjjdfztnoeivx/Build/Intermediates.noindex/arcHIVE_Camera_App.build/Debug-iphonesimulator/arcHIVE_Camera_App.build/arcHIVE_Camera_App-DebugDylibPath-normal-arm64.txt -Xlinker -sectcreate -Xlinker __TEXT -Xlinker __debug_instlnm -Xlinker /Users/midnight/Library/Developer/Xcode/DerivedData/arcHIVE_Camera_App-dzkdcbvnygdiemdtjjdfztnoeivx/Build/Intermediates.noindex/arcHIVE_Camera_App.build/Debug-iphonesimulator/arcHIVE_Camera_App.build/arcHIVE_Camera_App-DebugDylibInstallName-normal-arm64.txt -Xlinker -filelist -Xlinker /Users/midnight/Library/Developer/Xcode/DerivedData/arcHIVE_Camera_App-dzkdcbvnygdiemdtjjdfztnoeivx/Build/Intermediates.noindex/arcHIVE_Camera_App.build/Debug-iphonesimulator/arcHIVE_Camera_App.build/arcHIVE_Camera_App-ExecutorLinkFileList-normal-arm64.txt -Xlinker -sectcreate -Xlinker __TEXT -Xlinker __entitlements -Xlinker /Users/midnight/Library/Developer/Xcode/DerivedData/arcHIVE_Camera_App-dzkdcbvnygdiemdtjjdfztnoeivx/Build/Intermediates.noindex/arcHIVE_Camera_App.build/Debug-iphonesimulator/arcHIVE_Camera_App.build/arcHIVE_Camera_App.app-Simulated.xcent -Xlinker -sectcreate -Xlinker __TEXT -Xlinker __ents_der -Xlinker /Users/midnight/Library/Developer/Xcode/DerivedData/arcHIVE_Camera_App-dzkdcbvnygdiemdtjjdfztnoeivx/Build/Intermediates.noindex/arcHIVE_Camera_App.build/Debug-iphonesimulator/arcHIVE_Camera_App.build/arcHIVE_Camera_App.app-Simulated.xcent.der /Users/midnight/Library/Developer/Xcode/DerivedData/arcHIVE_Camera_App-dzkdcbvnygdiemdtjjdfztnoeivx/Build/Products/Debug-iphonesimulator/arcHIVE_Camera_App.app/arcHIVE_Camera_App.debug.dylib -o /Users/midnight/Library/Developer/Xcode/DerivedData/arcHIVE_Camera_App-dzkdcbvnygdiemdtjjdfztnoeivx/Build/Products/Debug-iphonesimulator/arcHIVE_Camera_App.app/arcHIVE_Camera_App

CopySwiftLibs /Users/midnight/Library/Developer/Xcode/DerivedData/arcHIVE_Camera_App-dzkdcbvnygdiemdtjjdfztnoeivx/Build/Products/Debug-iphonesimulator/arcHIVE_Camera_App.app (in target 'arcHIVE_Camera_App' from project 'arcHIVE_Camera_App')
    cd /Users/midnight/Documents/Augustbuild/arcHIVE_Camera_App
    builtin-swiftStdLibTool --copy --verbose --sign - --scan-executable /Users/midnight/Library/Developer/Xcode/DerivedData/arcHIVE_Camera_App-dzkdcbvnygdiemdtjjdfztnoeivx/Build/Products/Debug-iphonesimulator/arcHIVE_Camera_App.app/arcHIVE_Camera_App.debug.dylib --scan-folder /Users/midnight/Library/Developer/Xcode/DerivedData/arcHIVE_Camera_App-dzkdcbvnygdiemdtjjdfztnoeivx/Build/Products/Debug-iphonesimulator/arcHIVE_Camera_App.app/Frameworks --scan-folder /Users/midnight/Library/Developer/Xcode/DerivedData/arcHIVE_Camera_App-dzkdcbvnygdiemdtjjdfztnoeivx/Build/Products/Debug-iphonesimulator/arcHIVE_Camera_App.app/PlugIns --scan-folder /Users/midnight/Library/Developer/Xcode/DerivedData/arcHIVE_Camera_App-dzkdcbvnygdiemdtjjdfztnoeivx/Build/Products/Debug-iphonesimulator/arcHIVE_Camera_App.app/SystemExtensions --scan-folder /Users/midnight/Library/Developer/Xcode/DerivedData/arcHIVE_Camera_App-dzkdcbvnygdiemdtjjdfztnoeivx/Build/Products/Debug-iphonesimulator/arcHIVE_Camera_App.app/Extensions --platform iphonesimulator --toolchain /Applications/Xcode.app/Contents/Developer/Toolchains/XcodeDefault.xctoolchain --destination /Users/midnight/Library/Developer/Xcode/DerivedData/arcHIVE_Camera_App-dzkdcbvnygdiemdtjjdfztnoeivx/Build/Products/Debug-iphonesimulator/arcHIVE_Camera_App.app/Frameworks --strip-bitcode --strip-bitcode-tool /Applications/Xcode.app/Contents/Developer/Toolchains/XcodeDefault.xctoolchain/usr/bin/bitcode_strip --emit-dependency-info /Users/midnight/Library/Developer/Xcode/DerivedData/arcHIVE_Camera_App-dzkdcbvnygdiemdtjjdfztnoeivx/Build/Intermediates.noindex/arcHIVE_Camera_App.build/Debug-iphonesimulator/arcHIVE_Camera_App.build/SwiftStdLibToolInputDependencies.dep --filter-for-swift-os

ExtractAppIntentsMetadata (in target 'arcHIVE_Camera_App' from project 'arcHIVE_Camera_App')
    cd /Users/midnight/Documents/Augustbuild/arcHIVE_Camera_App
    /Applications/Xcode.app/Contents/Developer/Toolchains/XcodeDefault.xctoolchain/usr/bin/appintentsmetadataprocessor --output /Users/midnight/Library/Developer/Xcode/DerivedData/arcHIVE_Camera_App-dzkdcbvnygdiemdtjjdfztnoeivx/Build/Products/Debug-iphonesimulator/arcHIVE_Camera_App.app --toolchain-dir /Applications/Xcode.app/Contents/Developer/Toolchains/XcodeDefault.xctoolchain --module-name arcHIVE_Camera_App --sdk-root /Applications/Xcode.app/Contents/Developer/Platforms/iPhoneSimulator.platform/Developer/SDKs/iPhoneSimulator18.2.sdk --xcode-version 16C5032a --platform-family iOS --deployment-target 16.6 --bundle-identifier com.archive.camera --target-triple arm64-apple-ios16.6-simulator --binary-file /Users/midnight/Library/Developer/Xcode/DerivedData/arcHIVE_Camera_App-dzkdcbvnygdiemdtjjdfztnoeivx/Build/Products/Debug-iphonesimulator/arcHIVE_Camera_App.app/arcHIVE_Camera_App --dependency-file /Users/midnight/Library/Developer/Xcode/DerivedData/arcHIVE_Camera_App-dzkdcbvnygdiemdtjjdfztnoeivx/Build/Intermediates.noindex/arcHIVE_Camera_App.build/Debug-iphonesimulator/arcHIVE_Camera_App.build/Objects-normal/arm64/arcHIVE_Camera_App_dependency_info.dat --stringsdata-file /Users/midnight/Library/Developer/Xcode/DerivedData/arcHIVE_Camera_App-dzkdcbvnygdiemdtjjdfztnoeivx/Build/Intermediates.noindex/arcHIVE_Camera_App.build/Debug-iphonesimulator/arcHIVE_Camera_App.build/Objects-normal/arm64/ExtractedAppShortcutsMetadata.stringsdata --source-file-list /Users/midnight/Library/Developer/Xcode/DerivedData/arcHIVE_Camera_App-dzkdcbvnygdiemdtjjdfztnoeivx/Build/Intermediates.noindex/arcHIVE_Camera_App.build/Debug-iphonesimulator/arcHIVE_Camera_App.build/Objects-normal/arm64/arcHIVE_Camera_App.SwiftFileList --metadata-file-list /Users/midnight/Library/Developer/Xcode/DerivedData/arcHIVE_Camera_App-dzkdcbvnygdiemdtjjdfztnoeivx/Build/Intermediates.noindex/arcHIVE_Camera_App.build/Debug-iphonesimulator/arcHIVE_Camera_App.build/arcHIVE_Camera_App.DependencyMetadataFileList --swift-const-vals-list /Users/midnight/Library/Developer/Xcode/DerivedData/arcHIVE_Camera_App-dzkdcbvnygdiemdtjjdfztnoeivx/Build/Intermediates.noindex/arcHIVE_Camera_App.build/Debug-iphonesimulator/arcHIVE_Camera_App.build/Objects-normal/arm64/arcHIVE_Camera_App.SwiftConstValuesFileList --compile-time-extraction --deployment-aware-processing --validate-assistant-intents
note: Metadata extraction skipped. No AppIntents.framework dependency found. (in target 'arcHIVE_Camera_App' from project 'arcHIVE_Camera_App')

CodeSign /Users/midnight/Library/Developer/Xcode/DerivedData/arcHIVE_Camera_App-dzkdcbvnygdiemdtjjdfztnoeivx/Build/Products/Debug-iphonesimulator/arcHIVE_Camera_App.app/arcHIVE_Camera_App.debug.dylib (in target 'arcHIVE_Camera_App' from project 'arcHIVE_Camera_App')
    cd /Users/midnight/Documents/Augustbuild/arcHIVE_Camera_App
    
    Signing Identity:     "Sign to Run Locally"
    
    /usr/bin/codesign --force --sign - --timestamp\=none --generate-entitlement-der /Users/midnight/Library/Developer/Xcode/DerivedData/arcHIVE_Camera_App-dzkdcbvnygdiemdtjjdfztnoeivx/Build/Products/Debug-iphonesimulator/arcHIVE_Camera_App.app/arcHIVE_Camera_App.debug.dylib

CodeSign /Users/midnight/Library/Developer/Xcode/DerivedData/arcHIVE_Camera_App-dzkdcbvnygdiemdtjjdfztnoeivx/Build/Products/Debug-iphonesimulator/arcHIVE_Camera_App.app (in target 'arcHIVE_Camera_App' from project 'arcHIVE_Camera_App')
    cd /Users/midnight/Documents/Augustbuild/arcHIVE_Camera_App
    
    Signing Identity:     "Sign to Run Locally"
    
    /usr/bin/codesign --force --sign - --timestamp\=none --generate-entitlement-der /Users/midnight/Library/Developer/Xcode/DerivedData/arcHIVE_Camera_App-dzkdcbvnygdiemdtjjdfztnoeivx/Build/Products/Debug-iphonesimulator/arcHIVE_Camera_App.app
/Users/midnight/Library/Developer/Xcode/DerivedData/arcHIVE_Camera_App-dzkdcbvnygdiemdtjjdfztnoeivx/Build/Products/Debug-iphonesimulator/arcHIVE_Camera_App.app: replacing existing signature

Validate /Users/midnight/Library/Developer/Xcode/DerivedData/arcHIVE_Camera_App-dzkdcbvnygdiemdtjjdfztnoeivx/Build/Products/Debug-iphonesimulator/arcHIVE_Camera_App.app (in target 'arcHIVE_Camera_App' from project 'arcHIVE_Camera_App')
    cd /Users/midnight/Documents/Augustbuild/arcHIVE_Camera_App
    builtin-validationUtility /Users/midnight/Library/Developer/Xcode/DerivedData/arcHIVE_Camera_App-dzkdcbvnygdiemdtjjdfztnoeivx/Build/Products/Debug-iphonesimulator/arcHIVE_Camera_App.app -infoplist-subpath Info.plist

Ld /Users/midnight/Library/Developer/Xcode/DerivedData/arcHIVE_Camera_App-dzkdcbvnygdiemdtjjdfztnoeivx/Build/Products/Debug-iphonesimulator/arcHIVE_Camera_AppUITests-Runner.app/PlugIns/arcHIVE_Camera_AppUITests.xctest/arcHIVE_Camera_AppUITests normal (in target 'arcHIVE_Camera_AppUITests' from project 'arcHIVE_Camera_App')
    cd /Users/midnight/Documents/Augustbuild/arcHIVE_Camera_App
    /Applications/Xcode.app/Contents/Developer/Toolchains/XcodeDefault.xctoolchain/usr/bin/clang -Xlinker -reproducible -target arm64-apple-ios18.2-simulator -bundle -isysroot /Applications/Xcode.app/Contents/Developer/Platforms/iPhoneSimulator.platform/Developer/SDKs/iPhoneSimulator18.2.sdk -O0 -L/Users/midnight/Library/Developer/Xcode/DerivedData/arcHIVE_Camera_App-dzkdcbvnygdiemdtjjdfztnoeivx/Build/Intermediates.noindex/EagerLinkingTBDs/Debug-iphonesimulator -L/Users/midnight/Library/Developer/Xcode/DerivedData/arcHIVE_Camera_App-dzkdcbvnygdiemdtjjdfztnoeivx/Build/Products/Debug-iphonesimulator -L/Applications/Xcode.app/Contents/Developer/Platforms/iPhoneSimulator.platform/Developer/usr/lib -F/Users/midnight/Library/Developer/Xcode/DerivedData/arcHIVE_Camera_App-dzkdcbvnygdiemdtjjdfztnoeivx/Build/Intermediates.noindex/EagerLinkingTBDs/Debug-iphonesimulator -F/Users/midnight/Library/Developer/Xcode/DerivedData/arcHIVE_Camera_App-dzkdcbvnygdiemdtjjdfztnoeivx/Build/Products/Debug-iphonesimulator -iframework /Applications/Xcode.app/Contents/Developer/Platforms/iPhoneSimulator.platform/Developer/Library/Frameworks -iframework /Applications/Xcode.app/Contents/Developer/Platforms/iPhoneSimulator.platform/Developer/SDKs/iPhoneSimulator18.2.sdk/Developer/Library/Frameworks -filelist /Users/midnight/Library/Developer/Xcode/DerivedData/arcHIVE_Camera_App-dzkdcbvnygdiemdtjjdfztnoeivx/Build/Intermediates.noindex/arcHIVE_Camera_App.build/Debug-iphonesimulator/arcHIVE_Camera_AppUITests.build/Objects-normal/arm64/arcHIVE_Camera_AppUITests.LinkFileList -Xlinker -rpath -Xlinker @loader_path/Frameworks -dead_strip -Xlinker -object_path_lto -Xlinker /Users/midnight/Library/Developer/Xcode/DerivedData/arcHIVE_Camera_App-dzkdcbvnygdiemdtjjdfztnoeivx/Build/Intermediates.noindex/arcHIVE_Camera_App.build/Debug-iphonesimulator/arcHIVE_Camera_AppUITests.build/Objects-normal/arm64/arcHIVE_Camera_AppUITests_lto.o -Xlinker -export_dynamic -Xlinker -no_deduplicate -Xlinker -objc_abi_version -Xlinker 2 -fobjc-link-runtime -L/Applications/Xcode.app/Contents/Developer/Toolchains/XcodeDefault.xctoolchain/usr/lib/swift/iphonesimulator -L/usr/lib/swift -Xlinker -add_ast_path -Xlinker /Users/midnight/Library/Developer/Xcode/DerivedData/arcHIVE_Camera_App-dzkdcbvnygdiemdtjjdfztnoeivx/Build/Intermediates.noindex/arcHIVE_Camera_App.build/Debug-iphonesimulator/arcHIVE_Camera_AppUITests.build/Objects-normal/arm64/arcHIVE_Camera_AppUITests.swiftmodule -framework XCTest -lXCTestSwiftSupport -Xlinker -sectcreate -Xlinker __TEXT -Xlinker __entitlements -Xlinker /Users/midnight/Library/Developer/Xcode/DerivedData/arcHIVE_Camera_App-dzkdcbvnygdiemdtjjdfztnoeivx/Build/Intermediates.noindex/arcHIVE_Camera_App.build/Debug-iphonesimulator/arcHIVE_Camera_AppUITests.build/arcHIVE_Camera_AppUITests.xctest-Simulated.xcent -Xlinker -sectcreate -Xlinker __TEXT -Xlinker __ents_der -Xlinker /Users/midnight/Library/Developer/Xcode/DerivedData/arcHIVE_Camera_App-dzkdcbvnygdiemdtjjdfztnoeivx/Build/Intermediates.noindex/arcHIVE_Camera_App.build/Debug-iphonesimulator/arcHIVE_Camera_AppUITests.build/arcHIVE_Camera_AppUITests.xctest-Simulated.xcent.der -Xlinker -no_adhoc_codesign -Xlinker -dependency_info -Xlinker /Users/midnight/Library/Developer/Xcode/DerivedData/arcHIVE_Camera_App-dzkdcbvnygdiemdtjjdfztnoeivx/Build/Intermediates.noindex/arcHIVE_Camera_App.build/Debug-iphonesimulator/arcHIVE_Camera_AppUITests.build/Objects-normal/arm64/arcHIVE_Camera_AppUITests_dependency_info.dat -o /Users/midnight/Library/Developer/Xcode/DerivedData/arcHIVE_Camera_App-dzkdcbvnygdiemdtjjdfztnoeivx/Build/Products/Debug-iphonesimulator/arcHIVE_Camera_AppUITests-Runner.app/PlugIns/arcHIVE_Camera_AppUITests.xctest/arcHIVE_Camera_AppUITests
ld: warning: Could not find or use auto-linked framework 'CoreAudioTypes': framework 'CoreAudioTypes' not found
ld: warning: Could not parse or use implicit file '/Applications/Xcode.app/Contents/Developer/Platforms/iPhoneSimulator.platform/Developer/SDKs/iPhoneSimulator.sdk/System/Library/Frameworks/SwiftUICore.framework/SwiftUICore.tbd': cannot link directly with 'SwiftUICore' because product being built is not an allowed client of it
Undefined symbols for architecture arm64:
  "static arcHIVE_Camera_App.MetadataSanitizer.sanitizeCopy(of: Foundation.URL, policy: arcHIVE_Camera_App.MetadataSanitizer.RedactionPolicy) async -> Foundation.URL", referenced from:
      (1) suspend resume partial function for arcHIVE_Camera_AppUITests.MetadataSanitizerTests.testImageSanitizationRemovesGPS() async -> () in MetadataSanitizerTests.o
      (1) suspend resume partial function for arcHIVE_Camera_AppUITests.MetadataSanitizerTests.testImageSanitizationPreservesGPSWhenRequested() async -> () in MetadataSanitizerTests.o
      (1) suspend resume partial function for arcHIVE_Camera_AppUITests.MetadataSanitizerTests.testImageSanitizationDisabled() async -> () in MetadataSanitizerTests.o
      (1) suspend resume partial function for arcHIVE_Camera_AppUITests.MetadataSanitizerTests.testImageOrientationPreservation() async -> () in MetadataSanitizerTests.o
      (3) suspend resume partial function for arcHIVE_Camera_AppUITests.MetadataSanitizerTests.testImageOrientationPreservation() async -> () in MetadataSanitizerTests.o
      (1) suspend resume partial function for arcHIVE_Camera_AppUITests.MetadataSanitizerTests.testVideoSanitizationRemovesMetadata() async -> () in MetadataSanitizerTests.o
  "async function pointer to static arcHIVE_Camera_App.MetadataSanitizer.sanitizeCopy(of: Foundation.URL, policy: arcHIVE_Camera_App.MetadataSanitizer.RedactionPolicy) async -> Foundation.URL", referenced from:
      (1) suspend resume partial function for arcHIVE_Camera_AppUITests.MetadataSanitizerTests.testImageSanitizationRemovesGPS() async -> () in MetadataSanitizerTests.o
      (1) suspend resume partial function for arcHIVE_Camera_AppUITests.MetadataSanitizerTests.testImageSanitizationPreservesGPSWhenRequested() async -> () in MetadataSanitizerTests.o
      (1) suspend resume partial function for arcHIVE_Camera_AppUITests.MetadataSanitizerTests.testImageSanitizationDisabled() async -> () in MetadataSanitizerTests.o
      (1) suspend resume partial function for arcHIVE_Camera_AppUITests.MetadataSanitizerTests.testImageOrientationPreservation() async -> () in MetadataSanitizerTests.o
      (3) suspend resume partial function for arcHIVE_Camera_AppUITests.MetadataSanitizerTests.testImageOrientationPreservation() async -> () in MetadataSanitizerTests.o
      (1) suspend resume partial function for arcHIVE_Camera_AppUITests.MetadataSanitizerTests.testVideoSanitizationRemovesMetadata() async -> () in MetadataSanitizerTests.o
  "arcHIVE_Camera_App.MetadataSanitizer.RedactionPolicy.init(sanitize: Swift.Bool, includeGPS: Swift.Bool) -> arcHIVE_Camera_App.MetadataSanitizer.RedactionPolicy", referenced from:
      (1) suspend resume partial function for arcHIVE_Camera_AppUITests.MetadataSanitizerTests.testImageSanitizationRemovesGPS() async -> () in MetadataSanitizerTests.o
      (1) suspend resume partial function for arcHIVE_Camera_AppUITests.MetadataSanitizerTests.testImageSanitizationPreservesGPSWhenRequested() async -> () in MetadataSanitizerTests.o
      (1) suspend resume partial function for arcHIVE_Camera_AppUITests.MetadataSanitizerTests.testImageSanitizationDisabled() async -> () in MetadataSanitizerTests.o
      (1) suspend resume partial function for arcHIVE_Camera_AppUITests.MetadataSanitizerTests.testImageOrientationPreservation() async -> () in MetadataSanitizerTests.o
      (3) suspend resume partial function for arcHIVE_Camera_AppUITests.MetadataSanitizerTests.testImageOrientationPreservation() async -> () in MetadataSanitizerTests.o
      (1) suspend resume partial function for arcHIVE_Camera_AppUITests.MetadataSanitizerTests.testVideoSanitizationRemovesMetadata() async -> () in MetadataSanitizerTests.o
  "type metadata accessor for arcHIVE_Camera_App.MetadataSanitizer", referenced from:
      (1) suspend resume partial function for arcHIVE_Camera_AppUITests.MetadataSanitizerTests.testImageSanitizationRemovesGPS() async -> () in MetadataSanitizerTests.o
      (1) suspend resume partial function for arcHIVE_Camera_AppUITests.MetadataSanitizerTests.testImageSanitizationPreservesGPSWhenRequested() async -> () in MetadataSanitizerTests.o
      (1) suspend resume partial function for arcHIVE_Camera_AppUITests.MetadataSanitizerTests.testImageSanitizationDisabled() async -> () in MetadataSanitizerTests.o
      (1) suspend resume partial function for arcHIVE_Camera_AppUITests.MetadataSanitizerTests.testImageOrientationPreservation() async -> () in MetadataSanitizerTests.o
      (3) suspend resume partial function for arcHIVE_Camera_AppUITests.MetadataSanitizerTests.testImageOrientationPreservation() async -> () in MetadataSanitizerTests.o
      (1) suspend resume partial function for arcHIVE_Camera_AppUITests.MetadataSanitizerTests.testVideoSanitizationRemovesMetadata() async -> () in MetadataSanitizerTests.o
ld: symbol(s) not found for architecture arm64
clang: error: linker command failed with exit code 1 (use -v to see invocation)

ProcessInfoPlistFile /Users/midnight/Library/Developer/Xcode/DerivedData/arcHIVE_Camera_App-dzkdcbvnygdiemdtjjdfztnoeivx/Build/Products/Debug-iphonesimulator/arcHIVE_Camera_AppUITests-Runner.app/PlugIns/arcHIVE_Camera_AppUITests.xctest/Info.plist /Users/midnight/Library/Developer/Xcode/DerivedData/arcHIVE_Camera_App-dzkdcbvnygdiemdtjjdfztnoeivx/Build/Intermediates.noindex/arcHIVE_Camera_App.build/Debug-iphonesimulator/arcHIVE_Camera_AppUITests.build/empty-arcHIVE_Camera_AppUITests.plist (in target 'arcHIVE_Camera_AppUITests' from project 'arcHIVE_Camera_App')
    cd /Users/midnight/Documents/Augustbuild/arcHIVE_Camera_App
    builtin-infoPlistUtility /Users/midnight/Library/Developer/Xcode/DerivedData/arcHIVE_Camera_App-dzkdcbvnygdiemdtjjdfztnoeivx/Build/Intermediates.noindex/arcHIVE_Camera_App.build/Debug-iphonesimulator/arcHIVE_Camera_AppUITests.build/empty-arcHIVE_Camera_AppUITests.plist -producttype com.apple.product-type.bundle.ui-testing -expandbuildsettings -format binary -platform iphonesimulator -additionalcontentfile /Users/midnight/Library/Developer/Xcode/DerivedData/arcHIVE_Camera_App-dzkdcbvnygdiemdtjjdfztnoeivx/Build/Intermediates.noindex/arcHIVE_Camera_App.build/Debug-iphonesimulator/arcHIVE_Camera_AppUITests.build/ProductTypeInfoPlistAdditions.plist -o /Users/midnight/Library/Developer/Xcode/DerivedData/arcHIVE_Camera_App-dzkdcbvnygdiemdtjjdfztnoeivx/Build/Products/Debug-iphonesimulator/arcHIVE_Camera_AppUITests-Runner.app/PlugIns/arcHIVE_Camera_AppUITests.xctest/Info.plist


Test session results, code coverage, and logs:
	/Users/midnight/Documents/Augustbuild/arcHIVE_Camera_App/test_results/test_results.xcresult

Testing failed:
	Undefined symbol: static arcHIVE_Camera_App.MetadataSanitizer.sanitizeCopy(of: Foundation.URL, policy: arcHIVE_Camera_App.MetadataSanitizer.RedactionPolicy) async -> Foundation.URL
	Undefined symbol: async function pointer to static arcHIVE_Camera_App.MetadataSanitizer.sanitizeCopy(of: Foundation.URL, policy: arcHIVE_Camera_App.MetadataSanitizer.RedactionPolicy) async -> Foundation.URL
	Undefined symbol: arcHIVE_Camera_App.MetadataSanitizer.RedactionPolicy.init(sanitize: Swift.Bool, includeGPS: Swift.Bool) -> arcHIVE_Camera_App.MetadataSanitizer.RedactionPolicy
	Undefined symbol: type metadata accessor for arcHIVE_Camera_App.MetadataSanitizer
	Linker command failed with exit code 1 (use -v to see invocation)
	Testing cancelled because the build failed.

** TEST FAILED **


The following build commands failed:
	Ld /Users/midnight/Library/Developer/Xcode/DerivedData/arcHIVE_Camera_App-dzkdcbvnygdiemdtjjdfztnoeivx/Build/Products/Debug-iphonesimulator/arcHIVE_Camera_AppUITests-Runner.app/PlugIns/arcHIVE_Camera_AppUITests.xctest/arcHIVE_Camera_AppUITests normal (in target 'arcHIVE_Camera_AppUITests' from project 'arcHIVE_Camera_App')
	Testing project arcHIVE_Camera_App with scheme arcHIVE_Camera_App
(2 failures)
